2024-12-23 20:14:19,686 - ERROR - Erreur inconnue : TypeError: string indices must be integers | Contexte : Erreur générale - Thème : machine learning
2024-12-24 22:37:36,225 - ERROR - Erreur inconnue : ResponseException: received 401 HTTP response | Contexte : Subreddit: WaterResources, Section: hot
2024-12-24 22:42:31,769 - ERROR - Erreur inconnue : ResponseException: received 401 HTTP response | Contexte : Subreddit: WaterResources, Section: hot
2024-12-24 22:43:42,447 - ERROR - Erreur inconnue : ResponseException: received 401 HTTP response | Contexte : Subreddit: WaterResources, Section: hot
2024-12-29 17:13:19,963 - ERROR - Erreur de valeur : ValueError: An invalid value was specified for display_name. Check that the argument for the display_name parameter is not empty. | Contexte : Subreddit: , Section: hot
2024-12-29 17:13:38,562 - ERROR - Erreur inconnue : NotFound: received 404 HTTP response | Contexte : Subreddit: 'renewableenergy', Section: hot
2025-01-01 21:27:47,176 - ERROR - Erreur inconnue : TypeError: 'dict' object is not callable | Contexte : Subreddit: politics
2025-01-01 21:37:33,274 - ERROR - Erreur inconnue : TypeError: RedditScrap.chercher_section_hot() missing 1 required positional argument: 'limit' | Contexte : Subreddit: politics
2025-01-01 21:42:20,731 - ERROR - Erreur inconnue : TypeError: 'dict' object is not callable | Contexte : Subreddit: politics
2025-01-02 14:21:31,396 - ERROR - Erreur inconnue : Redirect: Redirect to /subreddits/search | Contexte : Subreddit: cultureandarts
2025-01-02 14:45:04,030 - ERROR - Erreur inconnue : Forbidden: received 403 HTTP response | Contexte : Subreddit: justice
2025-01-02 15:23:01,516 - ERROR - Erreur inconnue : Forbidden: received 403 HTTP response | Contexte : Subreddit: justice
2025-01-02 15:30:05,876 - ERROR - Erreur inconnue : Forbidden: received 403 HTTP response | Contexte : Subreddit: justice
2025-01-02 15:32:06,749 - ERROR - Erreur inconnue : Forbidden: received 403 HTTP response | Contexte : Subreddit: justice
2025-01-02 16:50:48,127 - ERROR - Erreur inconnue : Forbidden: received 403 HTTP response | Contexte : Subreddit: justice
2025-01-02 16:55:06,956 - ERROR - Erreur inconnue : Forbidden: received 403 HTTP response | Contexte : Subreddit: justice
2025-01-02 18:12:44,308 - ERROR - Erreur inconnue : Forbidden: received 403 HTTP response | Contexte : Subreddit: justice
2025-01-02 19:05:21,013 - ERROR - Erreur inconnue : Forbidden: received 403 HTTP response | Contexte : Subreddit: justice
2025-01-02 22:08:37,952 - ERROR - Erreur inconnue : Forbidden: received 403 HTTP response | Contexte : Subreddit: Justice
2025-01-02 22:11:38,290 - ERROR - Erreur inconnue : Forbidden: received 403 HTTP response | Contexte : Subreddit: Justice
2025-01-03 01:26:47,643 - ERROR - Erreur inconnue : TypeError: RedditDocument.__init__() takes 7 positional arguments but 8 were given | Contexte : Subreddit: politics
2025-01-03 01:26:48,293 - ERROR - Erreur inconnue : TypeError: ArxivDocument.__init__() takes 7 positional arguments but 8 were given | Contexte : Erreur générale - Thème : politics
2025-01-03 01:26:48,919 - ERROR - Erreur inconnue : TypeError: RedditDocument.__init__() takes 7 positional arguments but 8 were given | Contexte : Subreddit: technology
2025-01-03 01:26:49,415 - ERROR - Erreur inconnue : TypeError: ArxivDocument.__init__() takes 7 positional arguments but 8 were given | Contexte : Erreur générale - Thème : technology
2025-01-03 01:26:50,266 - ERROR - Erreur inconnue : TypeError: RedditDocument.__init__() takes 7 positional arguments but 8 were given | Contexte : Subreddit: health
2025-01-03 01:26:50,770 - ERROR - Erreur inconnue : TypeError: ArxivDocument.__init__() takes 7 positional arguments but 8 were given | Contexte : Erreur générale - Thème : health
2025-01-03 01:26:51,397 - ERROR - Erreur inconnue : TypeError: RedditDocument.__init__() takes 7 positional arguments but 8 were given | Contexte : Subreddit: education
2025-01-03 01:26:51,906 - ERROR - Erreur inconnue : TypeError: ArxivDocument.__init__() takes 7 positional arguments but 8 were given | Contexte : Erreur générale - Thème : education
2025-01-03 01:26:52,505 - ERROR - Erreur inconnue : TypeError: RedditDocument.__init__() takes 7 positional arguments but 8 were given | Contexte : Subreddit: climatechange
2025-01-03 01:26:52,889 - ERROR - Erreur inconnue : TypeError: ArxivDocument.__init__() takes 7 positional arguments but 8 were given | Contexte : Erreur générale - Thème : climatechange
2025-01-03 01:26:53,335 - ERROR - Erreur inconnue : TypeError: RedditDocument.__init__() takes 7 positional arguments but 8 were given | Contexte : Subreddit: sociology
2025-01-03 01:26:53,879 - ERROR - Erreur inconnue : TypeError: ArxivDocument.__init__() takes 7 positional arguments but 8 were given | Contexte : Erreur générale - Thème : sociology
2025-01-03 01:26:54,559 - ERROR - Erreur inconnue : TypeError: RedditDocument.__init__() takes 7 positional arguments but 8 were given | Contexte : Subreddit: science
2025-01-03 01:26:55,062 - ERROR - Erreur inconnue : TypeError: ArxivDocument.__init__() takes 7 positional arguments but 8 were given | Contexte : Erreur générale - Thème : science
2025-01-03 01:26:55,653 - ERROR - Erreur inconnue : TypeError: RedditDocument.__init__() takes 7 positional arguments but 8 were given | Contexte : Subreddit: sports
2025-01-03 01:26:56,167 - ERROR - Erreur inconnue : TypeError: ArxivDocument.__init__() takes 7 positional arguments but 8 were given | Contexte : Erreur générale - Thème : sports
2025-01-03 01:26:56,848 - ERROR - Erreur inconnue : TypeError: RedditDocument.__init__() takes 7 positional arguments but 8 were given | Contexte : Subreddit: history
2025-01-03 01:26:57,353 - ERROR - Erreur inconnue : TypeError: ArxivDocument.__init__() takes 7 positional arguments but 8 were given | Contexte : Erreur générale - Thème : history
2025-01-03 01:26:57,770 - ERROR - Erreur inconnue : TypeError: RedditDocument.__init__() takes 7 positional arguments but 8 were given | Contexte : Subreddit: culture
2025-01-03 01:26:58,440 - ERROR - Erreur inconnue : TypeError: ArxivDocument.__init__() takes 7 positional arguments but 8 were given | Contexte : Erreur générale - Thème : culture
2025-01-03 01:40:13,701 - ERROR - Erreur inconnue : TypeError: can only join an iterable | Contexte : Erreur générale - Thème : politics
2025-01-03 01:40:18,643 - ERROR - Erreur inconnue : TypeError: can only join an iterable | Contexte : Erreur générale - Thème : technology
2025-01-03 01:40:22,244 - ERROR - Erreur inconnue : TypeError: can only join an iterable | Contexte : Erreur générale - Thème : health
2025-01-03 01:40:23,753 - ERROR - Erreur inconnue : TypeError: can only join an iterable | Contexte : Erreur générale - Thème : education
2025-01-03 01:40:29,804 - ERROR - Erreur inconnue : TypeError: can only join an iterable | Contexte : Erreur générale - Thème : climatechange
